<?xml version="1.0" encoding="UTF-8"?>
<!-- Generated by org.testng.reporters.JUnitXMLReporter -->
<testsuite ignored="2" hostname="DESKTOP-5LH8LL2" failures="0" tests="2" name="Test" time="21.882" errors="0" timestamp="2022-04-08T20:22:50 GMT-07:00">
  <testcase classname="tests.LoginTest" name="m1" time="14.101"/>
  <testcase classname="tests.Hometest" name="m2" time="6.747"/>
  <testcase classname="tests.Basetest" name="@AfterSuite afterSuite" time="0.0">
    <ignored/>
  </testcase> <!-- @AfterSuite afterSuite -->
  <testcase classname="tests.Basetest" name="@BeforeSuite beforeSuite" time="0.0">
    <ignored/>
  </testcase> <!-- @BeforeSuite beforeSuite -->
</testsuite> <!-- Test -->
