<?xml version="1.0" encoding="UTF-8"?>
<testng-results ignored="2" total="4" passed="2" failed="0" skipped="0">
  <reporter-output>
  </reporter-output>
  <suite started-at="2022-04-08T20:22:25 GMT-07:00" name="Suite" finished-at="2022-04-08T20:22:47 GMT-07:00" duration-ms="21882">
    <groups>
    </groups>
    <test started-at="2022-04-08T20:22:25 GMT-07:00" name="Test" finished-at="2022-04-08T20:22:47 GMT-07:00" duration-ms="21882">
      <class name="tests.LoginTest">
        <test-method is-config="true" signature="beforeSuite()[pri:0, instance:tests.LoginTest@5223e5ee]" started-at="2022-04-08T20:20:37 GMT-07:00" name="beforeSuite" finished-at="2022-04-08T20:22:25 GMT-07:00" duration-ms="108095" status="PASS">
          <reporter-output>
          </reporter-output>
        </test-method> <!-- beforeSuite -->
        <test-method is-config="true" signature="beforeClass()[pri:0, instance:tests.LoginTest@5223e5ee]" started-at="2022-04-08T20:22:25 GMT-07:00" name="beforeClass" finished-at="2022-04-08T20:22:26 GMT-07:00" duration-ms="521" status="PASS">
          <reporter-output>
          </reporter-output>
        </test-method> <!-- beforeClass -->
        <test-method signature="m1()[pri:0, instance:tests.LoginTest@5223e5ee]" started-at="2022-04-08T20:22:26 GMT-07:00" name="m1" finished-at="2022-04-08T20:22:40 GMT-07:00" duration-ms="14101" status="PASS">
          <reporter-output>
          </reporter-output>
        </test-method> <!-- m1 -->
        <test-method is-config="true" signature="afterSuite()[pri:0, instance:tests.LoginTest@5223e5ee]" started-at="2022-04-08T20:22:51 GMT-07:00" name="afterSuite" finished-at="2022-04-08T20:22:51 GMT-07:00" duration-ms="1" status="PASS">
          <reporter-output>
          </reporter-output>
        </test-method> <!-- afterSuite -->
      </class> <!-- tests.LoginTest -->
      <class name="tests.Hometest">
        <test-method is-config="true" signature="beforeClass()[pri:0, instance:tests.Hometest@35047d03]" started-at="2022-04-08T20:22:40 GMT-07:00" name="beforeClass" finished-at="2022-04-08T20:22:40 GMT-07:00" duration-ms="136" status="PASS">
          <reporter-output>
          </reporter-output>
        </test-method> <!-- beforeClass -->
        <test-method signature="m2()[pri:0, instance:tests.Hometest@35047d03]" started-at="2022-04-08T20:22:40 GMT-07:00" name="m2" finished-at="2022-04-08T20:22:47 GMT-07:00" duration-ms="6747" status="PASS">
          <reporter-output>
          </reporter-output>
        </test-method> <!-- m2 -->
        <test-method is-config="true" signature="afterClass()[pri:0, instance:tests.Hometest@35047d03]" started-at="2022-04-08T20:22:47 GMT-07:00" name="afterClass" finished-at="2022-04-08T20:22:47 GMT-07:00" duration-ms="1" status="PASS">
          <reporter-output>
          </reporter-output>
        </test-method> <!-- afterClass -->
      </class> <!-- tests.Hometest -->
    </test> <!-- Test -->
  </suite> <!-- Suite -->
</testng-results>
