<?xml version="1.0" encoding="UTF-8"?>
<testng-results ignored="2" total="4" passed="2" failed="0" skipped="0">
  <reporter-output>
  </reporter-output>
  <suite started-at="2022-04-08T16:06:37 GMT-07:00" name="Suite" finished-at="2022-04-08T16:06:54 GMT-07:00" duration-ms="17189">
    <groups>
    </groups>
    <test started-at="2022-04-08T16:06:37 GMT-07:00" name="Test" finished-at="2022-04-08T16:06:54 GMT-07:00" duration-ms="17189">
      <class name="tests.LoginTest">
        <test-method is-config="true" signature="beforeSuite()[pri:0, instance:tests.LoginTest@5223e5ee]" started-at="2022-04-08T16:05:46 GMT-07:00" name="beforeSuite" finished-at="2022-04-08T16:06:37 GMT-07:00" duration-ms="50876" status="PASS">
          <reporter-output>
          </reporter-output>
        </test-method> <!-- beforeSuite -->
        <test-method is-config="true" signature="beforeClass()[pri:0, instance:tests.LoginTest@5223e5ee]" started-at="2022-04-08T16:06:37 GMT-07:00" name="beforeClass" finished-at="2022-04-08T16:06:37 GMT-07:00" duration-ms="225" status="PASS">
          <reporter-output>
          </reporter-output>
        </test-method> <!-- beforeClass -->
        <test-method signature="m1()[pri:0, instance:tests.LoginTest@5223e5ee]" started-at="2022-04-08T16:06:37 GMT-07:00" name="m1" finished-at="2022-04-08T16:06:47 GMT-07:00" duration-ms="9865" status="PASS">
          <reporter-output>
          </reporter-output>
        </test-method> <!-- m1 -->
        <test-method is-config="true" signature="afterSuite()[pri:0, instance:tests.LoginTest@5223e5ee]" started-at="2022-04-08T16:06:55 GMT-07:00" name="afterSuite" finished-at="2022-04-08T16:06:55 GMT-07:00" duration-ms="2" status="PASS">
          <reporter-output>
          </reporter-output>
        </test-method> <!-- afterSuite -->
      </class> <!-- tests.LoginTest -->
      <class name="tests.Hometest">
        <test-method is-config="true" signature="beforeClass()[pri:0, instance:tests.Hometest@35047d03]" started-at="2022-04-08T16:06:47 GMT-07:00" name="beforeClass" finished-at="2022-04-08T16:06:47 GMT-07:00" duration-ms="32" status="PASS">
          <reporter-output>
          </reporter-output>
        </test-method> <!-- beforeClass -->
        <test-method signature="m2()[pri:0, instance:tests.Hometest@35047d03]" started-at="2022-04-08T16:06:47 GMT-07:00" name="m2" finished-at="2022-04-08T16:06:54 GMT-07:00" duration-ms="6878" status="PASS">
          <reporter-output>
          </reporter-output>
        </test-method> <!-- m2 -->
        <test-method is-config="true" signature="afterClass()[pri:0, instance:tests.Hometest@35047d03]" started-at="2022-04-08T16:06:54 GMT-07:00" name="afterClass" finished-at="2022-04-08T16:06:54 GMT-07:00" duration-ms="0" status="PASS">
          <reporter-output>
          </reporter-output>
        </test-method> <!-- afterClass -->
      </class> <!-- tests.Hometest -->
    </test> <!-- Test -->
  </suite> <!-- Suite -->
</testng-results>
