<?xml version="1.0" encoding="UTF-8"?>
<testng-results ignored="2" total="4" passed="1" failed="1" skipped="0">
  <reporter-output>
  </reporter-output>
  <suite started-at="2022-04-08T11:12:05 GMT-07:00" name="Suite" finished-at="2022-04-08T11:12:12 GMT-07:00" duration-ms="7250">
    <groups>
    </groups>
    <test started-at="2022-04-08T11:12:05 GMT-07:00" name="Test" finished-at="2022-04-08T11:12:12 GMT-07:00" duration-ms="7250">
      <class name="tests.LoginTest">
        <test-method is-config="true" signature="beforeSuite()[pri:0, instance:tests.LoginTest@323b36e0]" started-at="2022-04-08T11:11:36 GMT-07:00" name="beforeSuite" finished-at="2022-04-08T11:12:05 GMT-07:00" duration-ms="28596" status="PASS">
          <reporter-output>
          </reporter-output>
        </test-method> <!-- beforeSuite -->
        <test-method is-config="true" signature="init()[pri:0, instance:tests.LoginTest@323b36e0]" started-at="2022-04-08T11:12:05 GMT-07:00" name="init" finished-at="2022-04-08T11:12:06 GMT-07:00" duration-ms="361" status="PASS">
          <reporter-output>
          </reporter-output>
        </test-method> <!-- init -->
        <test-method signature="login()[pri:0, instance:tests.LoginTest@323b36e0]" started-at="2022-04-08T11:12:06 GMT-07:00" name="login" finished-at="2022-04-08T11:12:12 GMT-07:00" duration-ms="6314" status="PASS">
          <reporter-output>
          </reporter-output>
        </test-method> <!-- login -->
        <test-method is-config="true" signature="tearDown()[pri:0, instance:tests.LoginTest@323b36e0]" started-at="2022-04-08T11:12:12 GMT-07:00" name="tearDown" finished-at="2022-04-08T11:12:12 GMT-07:00" duration-ms="1" status="PASS">
          <reporter-output>
          </reporter-output>
        </test-method> <!-- tearDown -->
        <test-method is-config="true" signature="afterSuite()[pri:0, instance:tests.LoginTest@323b36e0]" started-at="2022-04-08T11:12:13 GMT-07:00" name="afterSuite" finished-at="2022-04-08T11:12:13 GMT-07:00" duration-ms="0" status="PASS">
          <reporter-output>
          </reporter-output>
        </test-method> <!-- afterSuite -->
      </class> <!-- tests.LoginTest -->
      <class name="tests.Hometest">
        <test-method is-config="true" signature="beforeClass()[pri:0, instance:tests.Hometest@1fa268de]" started-at="2022-04-08T11:12:12 GMT-07:00" name="beforeClass" finished-at="2022-04-08T11:12:12 GMT-07:00" duration-ms="41" status="PASS">
          <reporter-output>
          </reporter-output>
        </test-method> <!-- beforeClass -->
        <test-method signature="mi()[pri:0, instance:tests.Hometest@1fa268de]" started-at="2022-04-08T11:12:12 GMT-07:00" name="mi" finished-at="2022-04-08T11:12:12 GMT-07:00" duration-ms="3" status="FAIL">
          <exception class="java.lang.NullPointerException">
            <message>
              <![CDATA[Cannot invoke "org.openqa.selenium.SearchContext.findElement(org.openqa.selenium.By)" because "this.searchContext" is null]]>
            </message>
            <full-stacktrace>
              <![CDATA[java.lang.NullPointerException: Cannot invoke "org.openqa.selenium.SearchContext.findElement(org.openqa.selenium.By)" because "this.searchContext" is null
at org.openqa.selenium.support.pagefactory.DefaultElementLocator.findElement(DefaultElementLocator.java:70)
at org.openqa.selenium.support.pagefactory.internal.LocatingElementHandler.invoke(LocatingElementHandler.java:39)
at jdk.proxy2/jdk.proxy2.$Proxy18.click(Unknown Source)
at pages.Homepage.linltab(Homepage.java:21)
at tests.Hometest.mi(Hometest.java:20)
at java.base/jdk.internal.reflect.NativeMethodAccessorImpl.invoke0(Native Method)
at java.base/jdk.internal.reflect.NativeMethodAccessorImpl.invoke(NativeMethodAccessorImpl.java:78)
at java.base/jdk.internal.reflect.DelegatingMethodAccessorImpl.invoke(DelegatingMethodAccessorImpl.java:43)
at java.base/java.lang.reflect.Method.invoke(Method.java:567)
at org.testng.internal.MethodInvocationHelper.invokeMethod(MethodInvocationHelper.java:133)
at org.testng.internal.TestInvoker.invokeMethod(TestInvoker.java:598)
at org.testng.internal.TestInvoker.invokeTestMethod(TestInvoker.java:173)
at org.testng.internal.MethodRunner.runInSequence(MethodRunner.java:46)
at org.testng.internal.TestInvoker$MethodInvocationAgent.invoke(TestInvoker.java:824)
at org.testng.internal.TestInvoker.invokeTestMethods(TestInvoker.java:146)
at org.testng.internal.TestMethodWorker.invokeTestMethods(TestMethodWorker.java:146)
at org.testng.internal.TestMethodWorker.run(TestMethodWorker.java:128)
at java.base/java.util.ArrayList.forEach(ArrayList.java:1511)
at org.testng.TestRunner.privateRun(TestRunner.java:794)
at org.testng.TestRunner.run(TestRunner.java:596)
at org.testng.SuiteRunner.runTest(SuiteRunner.java:377)
at org.testng.SuiteRunner.runSequentially(SuiteRunner.java:371)
at org.testng.SuiteRunner.privateRun(SuiteRunner.java:332)
at org.testng.SuiteRunner.run(SuiteRunner.java:276)
at org.testng.SuiteRunnerWorker.runSuite(SuiteRunnerWorker.java:53)
at org.testng.SuiteRunnerWorker.run(SuiteRunnerWorker.java:96)
at org.testng.TestNG.runSuitesSequentially(TestNG.java:1212)
at org.testng.TestNG.runSuitesLocally(TestNG.java:1134)
at org.testng.TestNG.runSuites(TestNG.java:1063)
at org.testng.TestNG.run(TestNG.java:1031)
at org.testng.remote.AbstractRemoteTestNG.run(AbstractRemoteTestNG.java:115)
at org.testng.remote.RemoteTestNG.initAndRun(RemoteTestNG.java:251)
at org.testng.remote.RemoteTestNG.main(RemoteTestNG.java:77)
]]>
            </full-stacktrace>
          </exception> <!-- java.lang.NullPointerException -->
          <reporter-output>
          </reporter-output>
        </test-method> <!-- mi -->
        <test-method is-config="true" signature="tearDown()[pri:0, instance:tests.Hometest@1fa268de]" started-at="2022-04-08T11:12:12 GMT-07:00" name="tearDown" finished-at="2022-04-08T11:12:12 GMT-07:00" duration-ms="1" status="PASS">
          <reporter-output>
          </reporter-output>
        </test-method> <!-- tearDown -->
      </class> <!-- tests.Hometest -->
    </test> <!-- Test -->
  </suite> <!-- Suite -->
</testng-results>
